This is pdfTeX, Version 3.14159265-2.6-1.40.16 (MiKTeX 2.9) (preloaded format=pdflatex 2016.2.8)  18 FEB 2016 18:02
entering extended mode
**./Appendix-E-short.tex
(Appendix-E-short.tex
LaTeX2e <2015/10/01> patch level 2
Babel <3.9n> and hyphenation patterns for 69 languages loaded.
(IEEEtran.cls
Document Class: IEEEtran 2007/03/05 V1.7a by Michael Shell
-- See the "IEEEtran_HOWTO" manual for usage information.
-- http://www.michaelshell.org/tex/ieeetran/
\@IEEEtrantmpdimenA=\dimen102
\@IEEEtrantmpdimenB=\dimen103
\@IEEEtrantmpcountA=\count79
\@IEEEtrantmpcountB=\count80
\@IEEEtrantmptoksA=\toks14
LaTeX Font Info:    Try loading font information for OT1+ptm on input line 366.
("C:\Program Files (x86)\MiKTeX 2.9\tex\latex\psnfss\ot1ptm.fd"
File: ot1ptm.fd 2001/06/04 font definitions for OT1/ptm.
)
-- Using 8.5in x 11in (letter) paper.
-- Using PDF output.
\@IEEEnormalsizeunitybaselineskip=\dimen104
-- This is a 12 point document.
\CLASSINFOnormalsizebaselineskip=\dimen105
\CLASSINFOnormalsizeunitybaselineskip=\dimen106
\IEEEnormaljot=\dimen107
LaTeX Font Info:    Font shape `OT1/ptm/bx/n' in size <6> not available
(Font)              Font shape `OT1/ptm/b/n' tried instead on input line 724.
LaTeX Font Info:    Font shape `OT1/ptm/bx/it' in size <6> not available
(Font)              Font shape `OT1/ptm/b/it' tried instead on input line 724.
LaTeX Font Info:    Font shape `OT1/ptm/bx/n' in size <8> not available
(Font)              Font shape `OT1/ptm/b/n' tried instead on input line 724.
LaTeX Font Info:    Font shape `OT1/ptm/bx/it' in size <8> not available
(Font)              Font shape `OT1/ptm/b/it' tried instead on input line 724.
LaTeX Font Info:    Font shape `OT1/ptm/bx/n' in size <9> not available
(Font)              Font shape `OT1/ptm/b/n' tried instead on input line 724.
LaTeX Font Info:    Font shape `OT1/ptm/bx/it' in size <9> not available
(Font)              Font shape `OT1/ptm/b/it' tried instead on input line 724.
LaTeX Font Info:    Font shape `OT1/ptm/bx/n' in size <10> not available
(Font)              Font shape `OT1/ptm/b/n' tried instead on input line 724.
LaTeX Font Info:    Font shape `OT1/ptm/bx/it' in size <10> not available
(Font)              Font shape `OT1/ptm/b/it' tried instead on input line 724.
LaTeX Font Info:    Font shape `OT1/ptm/bx/n' in size <12> not available
(Font)              Font shape `OT1/ptm/b/n' tried instead on input line 724.
LaTeX Font Info:    Font shape `OT1/ptm/bx/it' in size <12> not available
(Font)              Font shape `OT1/ptm/b/it' tried instead on input line 724.
LaTeX Font Info:    Font shape `OT1/ptm/bx/n' in size <14> not available
(Font)              Font shape `OT1/ptm/b/n' tried instead on input line 724.
LaTeX Font Info:    Font shape `OT1/ptm/bx/it' in size <14> not available
(Font)              Font shape `OT1/ptm/b/it' tried instead on input line 724.
LaTeX Font Info:    Font shape `OT1/ptm/bx/n' in size <20> not available
(Font)              Font shape `OT1/ptm/b/n' tried instead on input line 724.
LaTeX Font Info:    Font shape `OT1/ptm/bx/it' in size <20> not available
(Font)              Font shape `OT1/ptm/b/it' tried instead on input line 724.
LaTeX Font Info:    Font shape `OT1/ptm/bx/n' in size <22> not available
(Font)              Font shape `OT1/ptm/b/n' tried instead on input line 724.
LaTeX Font Info:    Font shape `OT1/ptm/bx/it' in size <22> not available
(Font)              Font shape `OT1/ptm/b/it' tried instead on input line 724.
LaTeX Font Info:    Font shape `OT1/ptm/bx/n' in size <24> not available
(Font)              Font shape `OT1/ptm/b/n' tried instead on input line 724.
LaTeX Font Info:    Font shape `OT1/ptm/bx/it' in size <24> not available
(Font)              Font shape `OT1/ptm/b/it' tried instead on input line 724.
\IEEEilabelindentA=\dimen108
\IEEEilabelindentB=\dimen109
\IEEEilabelindent=\dimen110
\IEEEelabelindent=\dimen111
\IEEEdlabelindent=\dimen112
\IEEElabelindent=\dimen113
\IEEEiednormlabelsep=\dimen114
\IEEEiedmathlabelsep=\dimen115
\IEEEiedtopsep=\skip41
\c@section=\count81
\c@subsection=\count82
\c@subsubsection=\count83
\c@paragraph=\count84
\c@IEEEsubequation=\count85
\abovecaptionskip=\skip42
\belowcaptionskip=\skip43
\c@figure=\count86
\c@table=\count87
\@IEEEeqnnumcols=\count88
\@IEEEeqncolcnt=\count89
\@IEEEtmpitemindent=\dimen116
\c@IEEEbiography=\count90
\@IEEEtranrubishbin=\box26
) (cite.sty
LaTeX Info: Redefining \cite on input line 149.
LaTeX Info: Redefining \nocite on input line 214.
Package: cite 2003/11/04  v 4.01
) ("C:\Program Files (x86)\MiKTeX 2.9\tex\latex\graphics\color.sty"
Package: color 2014/10/28 v1.1a Standard LaTeX Color (DPC)

("C:\Program Files (x86)\MiKTeX 2.9\tex\latex\00miktex\color.cfg"
File: color.cfg 2007/01/18 v1.5 color configuration of teTeX/TeXLive
)
Package color Info: Driver file: pdftex.def on input line 142.

("C:\Program Files (x86)\MiKTeX 2.9\tex\latex\pdftex-def\pdftex.def"
File: pdftex.def 2011/05/27 v0.06d Graphics/color for pdfTeX

("C:\Program Files (x86)\MiKTeX 2.9\tex\generic\oberdiek\infwarerr.sty"
Package: infwarerr 2010/04/08 v1.3 Providing info/warning/error messages (HO)
)
("C:\Program Files (x86)\MiKTeX 2.9\tex\generic\oberdiek\ltxcmds.sty"
Package: ltxcmds 2011/11/09 v1.22 LaTeX kernel commands for general use (HO)
)
\Gread@gobject=\count91
))
("C:\Program Files (x86)\MiKTeX 2.9\tex\latex\amsmath\amsmath.sty"
Package: amsmath 2013/01/14 v2.14 AMS math features
\@mathmargin=\skip44

For additional information on amsmath, use the `?' option.
("C:\Program Files (x86)\MiKTeX 2.9\tex\latex\amsmath\amstext.sty"
Package: amstext 2000/06/29 v2.01

("C:\Program Files (x86)\MiKTeX 2.9\tex\latex\amsmath\amsgen.sty"
File: amsgen.sty 1999/11/30 v2.0
\@emptytoks=\toks15
\ex@=\dimen117
))
("C:\Program Files (x86)\MiKTeX 2.9\tex\latex\amsmath\amsbsy.sty"
Package: amsbsy 1999/11/29 v1.2d
\pmbraise@=\dimen118
)
("C:\Program Files (x86)\MiKTeX 2.9\tex\latex\amsmath\amsopn.sty"
Package: amsopn 1999/12/14 v2.01 operator names
)
\inf@bad=\count92
LaTeX Info: Redefining \frac on input line 210.
\uproot@=\count93
\leftroot@=\count94
LaTeX Info: Redefining \overline on input line 306.
\classnum@=\count95
\DOTSCASE@=\count96
LaTeX Info: Redefining \ldots on input line 378.
LaTeX Info: Redefining \dots on input line 381.
LaTeX Info: Redefining \cdots on input line 466.
\Mathstrutbox@=\box27
\strutbox@=\box28
\big@size=\dimen119
LaTeX Font Info:    Redeclaring font encoding OML on input line 566.
LaTeX Font Info:    Redeclaring font encoding OMS on input line 567.
\macc@depth=\count97
\c@MaxMatrixCols=\count98
\dotsspace@=\muskip10
\c@parentequation=\count99
\dspbrk@lvl=\count100
\tag@help=\toks16
\row@=\count101
\column@=\count102
\maxfields@=\count103
\andhelp@=\toks17
\eqnshift@=\dimen120
\alignsep@=\dimen121
\tagshift@=\dimen122
\tagwidth@=\dimen123
\totwidth@=\dimen124
\lineht@=\dimen125
\@envbody=\toks18
\multlinegap=\skip45
\multlinetaggap=\skip46
\mathdisplay@stack=\toks19
LaTeX Info: Redefining \[ on input line 2665.
LaTeX Info: Redefining \] on input line 2666.
)
("C:\Program Files (x86)\MiKTeX 2.9\tex\latex\graphics\graphicx.sty"
Package: graphicx 2014/10/28 v1.0g Enhanced LaTeX Graphics (DPC,SPQR)

("C:\Program Files (x86)\MiKTeX 2.9\tex\latex\graphics\keyval.sty"
Package: keyval 2014/10/28 v1.15 key=value parser (DPC)
\KV@toks@=\toks20
)
("C:\Program Files (x86)\MiKTeX 2.9\tex\latex\graphics\graphics.sty"
Package: graphics 2014/10/28 v1.0p Standard LaTeX Graphics (DPC,SPQR)

("C:\Program Files (x86)\MiKTeX 2.9\tex\latex\graphics\trig.sty"
Package: trig 1999/03/16 v1.09 sin cos tan (DPC)
)
("C:\Program Files (x86)\MiKTeX 2.9\tex\latex\00miktex\graphics.cfg"
File: graphics.cfg 2007/01/18 v1.5 graphics configuration of teTeX/TeXLive
)
Package graphics Info: Driver file: pdftex.def on input line 94.
)
\Gin@req@height=\dimen126
\Gin@req@width=\dimen127
) (algorithm.sty
Package: algorithm 

Document Style `algorithm' - floating environment
("C:\Program Files (x86)\MiKTeX 2.9\tex\latex\float\float.sty"
Package: float 2001/11/08 v1.3d Float enhancements (AL)
\c@float@type=\count104
\float@exts=\toks21
\float@box=\box29
\@float@everytoks=\toks22
\@floatcapt=\box30
)
("C:\Program Files (x86)\MiKTeX 2.9\tex\latex\base\ifthen.sty"
Package: ifthen 2014/09/29 v1.1c Standard LaTeX ifthen package (DPC)
)
\@float@every@algorithm=\toks23
\c@algorithm=\count105
) (algorithmic.sty
Package: algorithmic 2006/06/02

Document Style `algorithmic' - environment
("C:\Program Files (x86)\MiKTeX 2.9\tex\latex\tools\calc.sty"
Package: calc 2014/10/28 v4.3 Infix arithmetic (KKT,FJ)
\calc@Acount=\count106
\calc@Bcount=\count107
\calc@Adimen=\dimen128
\calc@Bdimen=\dimen129
\calc@Askip=\skip47
\calc@Bskip=\skip48
LaTeX Info: Redefining \setlength on input line 80.
LaTeX Info: Redefining \addtolength on input line 81.
\calc@Ccount=\count108
\calc@Cskip=\skip49
)
\c@ALC@line=\count109
\c@ALC@rem=\count110
\c@ALC@depth=\count111
\ALC@tlm=\skip50
\algorithmicindent=\skip51
) (fancyhdr.sty
\fancy@headwidth=\skip52
\f@ncyO@elh=\skip53
\f@ncyO@erh=\skip54
\f@ncyO@olh=\skip55
\f@ncyO@orh=\skip56
\f@ncyO@elf=\skip57
\f@ncyO@erf=\skip58
\f@ncyO@olf=\skip59
\f@ncyO@orf=\skip60
)
(C:\Users\Dung.Ho\AppData\Roaming\MiKTeX\2.9\tex\latex\xcolor\xcolor.sty
Package: xcolor 2007/01/21 v2.11 LaTeX color extensions (UK)

("C:\Program Files (x86)\MiKTeX 2.9\tex\latex\00miktex\color.cfg"
File: color.cfg 2007/01/18 v1.5 color configuration of teTeX/TeXLive
)
Package xcolor Info: Driver file: pdftex.def on input line 225.
 (colortbl.sty
Package: colortbl 1996/10/12 v0.1g Color table columns (DPC)

("C:\Program Files (x86)\MiKTeX 2.9\tex\latex\tools\array.sty"
Package: array 2014/10/28 v2.4c Tabular extension package (FMi)
\col@sep=\dimen130
\extrarowheight=\dimen131
\NC@list=\toks24
\extratabsurround=\skip61
\backup@length=\skip62
)
\everycr=\toks25
\minrowclearance=\skip63
)
LaTeX Info: Redefining \color on input line 702.
\rownum=\count112
Package xcolor Info: Model `cmy' substituted by `cmy0' on input line 1337.
Package xcolor Info: Model `hsb' substituted by `rgb' on input line 1341.
Package xcolor Info: Model `RGB' extended on input line 1353.
Package xcolor Info: Model `HTML' substituted by `rgb' on input line 1355.
Package xcolor Info: Model `Hsb' substituted by `hsb' on input line 1356.
Package xcolor Info: Model `tHsb' substituted by `hsb' on input line 1357.
Package xcolor Info: Model `HSB' substituted by `hsb' on input line 1358.
Package xcolor Info: Model `Gray' substituted by `gray' on input line 1359.
Package xcolor Info: Model `wave' substituted by `hsb' on input line 1360.
) (Appendix-E-short.aux)
\openout1 = `Appendix-E-short.aux'.

LaTeX Font Info:    Checking defaults for OML/cmm/m/it on input line 33.
LaTeX Font Info:    ... okay on input line 33.
LaTeX Font Info:    Checking defaults for T1/cmr/m/n on input line 33.
LaTeX Font Info:    ... okay on input line 33.
LaTeX Font Info:    Checking defaults for OT1/cmr/m/n on input line 33.
LaTeX Font Info:    ... okay on input line 33.
LaTeX Font Info:    Checking defaults for OMS/cmsy/m/n on input line 33.
LaTeX Font Info:    ... okay on input line 33.
LaTeX Font Info:    Checking defaults for OMX/cmex/m/n on input line 33.
LaTeX Font Info:    ... okay on input line 33.
LaTeX Font Info:    Checking defaults for U/cmr/m/n on input line 33.
LaTeX Font Info:    ... okay on input line 33.

(C:\Users\Dung.Ho\AppData\Roaming\MiKTeX\2.9\tex\context\base\supp-pdf.mkii
[Loading MPS to PDF converter (version 2006.09.02).]
\scratchcounter=\count113
\scratchdimen=\dimen132
\scratchbox=\box31
\nofMPsegments=\count114
\nofMParguments=\count115
\everyMPshowfont=\toks26
\MPscratchCnt=\count116
\MPscratchDim=\dimen133
\MPnumerator=\count117
\makeMPintoPDFobject=\count118
\everyMPtoPDFconversion=\toks27
) [1{C:/Users/Dung.Ho/AppData/Local/MiKTeX/2.9/pdftex/config/pdftex.map}]
<figures2/U-LTE-use_model.pdf, id=8, 568.44261pt x 396.82472pt>
File: figures2/U-LTE-use_model.pdf Graphic file (type pdf)
 <use figures2/U-LTE-use_model.pdf>
Package pdftex.def Info: figures2/U-LTE-use_model.pdf used on input line 92.
(pdftex.def)             Requested size: 328.82706pt x 229.54694pt.
 [2] [3 <./figures2/U-LTE-use_model.pdf>] [4] [5] <figures2/FBE-flowchart.pdf, id=36, 516.76614pt x 184.37782pt>
File: figures2/FBE-flowchart.pdf Graphic file (type pdf)

<use figures2/FBE-flowchart.pdf>
Package pdftex.def Info: figures2/FBE-flowchart.pdf used on input line 135.
(pdftex.def)             Requested size: 422.77663pt x 150.84474pt.
 <figures2/FBE-example.pdf, id=37, 639.89694pt x 192.03244pt>
File: figures2/FBE-example.pdf Graphic file (type pdf)

<use figures2/FBE-example.pdf>
Package pdftex.def Info: figures2/FBE-example.pdf used on input line 142.
(pdftex.def)             Requested size: 422.77663pt x 126.87659pt.
 [6 <./figures2/FBE-flowchart.pdf>]
<figures2/LBE-flowchart.pdf, id=49, 523.14618pt x 296.66133pt>
File: figures2/LBE-flowchart.pdf Graphic file (type pdf)
 <use figures2/LBE-flowchart.pdf>
Package pdftex.def Info: figures2/LBE-flowchart.pdf used on input line 198.
(pdftex.def)             Requested size: 422.77663pt x 239.75114pt.

<figures2/LBE-example.pdf, id=50, 642.44846pt x 166.51309pt>
File: figures2/LBE-example.pdf Graphic file (type pdf)
 <use figures2/LBE-example.pdf>
Package pdftex.def Info: figures2/LBE-example.pdf used on input line 205.
(pdftex.def)             Requested size: 422.77663pt x 109.57883pt.
 [7 <./figures2/FBE-example.pdf>] [8 <./figures2/LBE-flowchart.pdf> <./figures2/LBE-example.pdf

pdfTeX warning: pdflatex.exe (file ./figures2/LBE-example.pdf): PDF inclusion: multiple pdfs with page group included in
 a single page
>] <figures2/802-11-PCF-DCF.pdf, id=101, 490.33188pt x 108.90688pt>
File: figures2/802-11-PCF-DCF.pdf Graphic file (type pdf)
 <use figures2/802-11-PCF-DCF.pdf>
Package pdftex.def Info: figures2/802-11-PCF-DCF.pdf used on input line 263.
(pdftex.def)             Requested size: 469.755pt x 104.34pt.
 [9 <./figures2/802-11-PCF-DCF.pdf>] [10] <figures2/802-11e-HCCA.pdf, id=116, 469.25313pt x 152.06813pt>
File: figures2/802-11e-HCCA.pdf Graphic file (type pdf)
 <use figures2/802-11e-HCCA.pdf>
Package pdftex.def Info: figures2/802-11e-HCCA.pdf used on input line 295.
(pdftex.def)             Requested size: 469.755pt x 152.23016pt.

[11] <figures2/CSMA-CA-flowchart.pdf, id=120, 683.91711pt x 411.49936pt>
File: figures2/CSMA-CA-flowchart.pdf Graphic file (type pdf)
 <use figures2/CSMA-CA-flowchart.pdf>
Package pdftex.def Info: figures2/CSMA-CA-flowchart.pdf used on input line 315.
(pdftex.def)             Requested size: 469.755pt x 282.64139pt.
 [12 <./figures2/802-11e-HCCA.pdf>] <figures2/CSMA-CA-back-off-no-collision.pdf, id=131, 485.815pt x 332.74312pt>
File: figures2/CSMA-CA-back-off-no-collision.pdf Graphic file (type pdf)

<use figures2/CSMA-CA-back-off-no-collision.pdf>
Package pdftex.def Info: figures2/CSMA-CA-back-off-no-collision.pdf used on input line 328.
(pdftex.def)             Requested size: 422.77663pt x 289.5654pt.
 [13 <./figures2/CSMA-CA-flowchart.pdf>] [14 <./figures2/CSMA-CA-back-off-no-collision.pdf>] <figures2/CSMA-CA-back-off-
with-collision.pdf, id=162, 609.91174pt x 334.94054pt>
File: figures2/CSMA-CA-back-off-with-collision.pdf Graphic file (type pdf)

<use figures2/CSMA-CA-back-off-with-collision.pdf>
Package pdftex.def Info: figures2/CSMA-CA-back-off-with-collision.pdf used on input line 341.
(pdftex.def)             Requested size: 469.755pt x 257.97144pt.
 [15 <./figures2/CSMA-CA-back-off-with-collision.pdf>]

pdfTeX warning: pdflatex.exe (file ./figures2/802-11-RTS-CTS-NAV.pdf): PDF inclusion: found PDF version <1.6>, but at mo
st version <1.5> allowed
<figures2/802-11-RTS-CTS-NAV.pdf, id=185, 384.70323pt x 246.89941pt>
File: figures2/802-11-RTS-CTS-NAV.pdf Graphic file (type pdf)
 <use figures2/802-11-RTS-CTS-NAV.pdf>
Package pdftex.def Info: figures2/802-11-RTS-CTS-NAV.pdf used on input line 354.
(pdftex.def)             Requested size: 305.33788pt x 195.96764pt.
 [16 <./figures2/802-11-RTS-CTS-NAV.pdf>] [17] <figures2/LTE-U.pdf, id=200, 654.57034pt x 137.16646pt>
File: figures2/LTE-U.pdf Graphic file (type pdf)
 <use figures2/LTE-U.pdf>
Package pdftex.def Info: figures2/LTE-U.pdf used on input line 386.
(pdftex.def)             Requested size: 446.26581pt x 93.51474pt.

[18] [19 <./figures2/LTE-U.pdf>]
Overfull \hbox (2.90639pt too wide) in paragraph at lines 398--399
[]\OT1/ptm/m/n/12 LTE was orig-i-nally de-signed for li-censed spec-trum and a cen-tral-ized man-age-ment (i.e., network
-
 []

<figures2/LAA-LTE.pdf, id=230, 621.39545pt x 370.03023pt>
File: figures2/LAA-LTE.pdf Graphic file (type pdf)
 <use figures2/LAA-LTE.pdf>
Package pdftex.def Info: figures2/LAA-LTE.pdf used on input line 404.
(pdftex.def)             Requested size: 422.77663pt x 251.75836pt.
 [20 <./figures2/LAA-LTE.pdf>]
[21] [22] [23] [24] [25] (Appendix-E-short.bbl [26]) [27] (Appendix-E-short.aux) ) 
Here is how much of TeX's memory you used:
 3578 strings out of 493634
 50158 string characters out of 3141309
 118451 words of memory out of 3000000
 6921 multiletter control sequences out of 15000+200000
 37042 words of font info for 73 fonts, out of 3000000 for 9000
 1025 hyphenation exceptions out of 8191
 38i,12n,43p,2086b,362s stack positions out of 5000i,500n,10000p,200000b,50000s
{C:/Program Files (x86)/MiKTeX 2.9/fon
ts/enc/dvips/fontname/8r.enc}<C:/Program Files (x86)/MiKTeX 2.9/fonts/type1/public/amsfonts/cm/cmmi12.pfb><C:/Program Fi
les (x86)/MiKTeX 2.9/fonts/type1/public/amsfonts/cm/cmmi8.pfb><C:/Program Files (x86)/MiKTeX 2.9/fonts/type1/public/amsf
onts/cm/cmr12.pfb><C:/Program Files (x86)/MiKTeX 2.9/fonts/type1/public/amsfonts/cm/cmr8.pfb><C:/Program Files (x86)/MiK
TeX 2.9/fonts/type1/public/amsfonts/cm/cmsy10.pfb><C:/Program Files (x86)/MiKTeX 2.9/fonts/type1/public/amsfonts/cm/cmsy
8.pfb><C:/Program Files (x86)/MiKTeX 2.9/fonts/type1/urw/times/utmb8a.pfb><C:/Program Files (x86)/MiKTeX 2.9/fonts/type1
/urw/times/utmr8a.pfb><C:/Program Files (x86)/MiKTeX 2.9/fonts/type1/urw/times/utmri8a.pfb>
Output written on Appendix-E-short.pdf (27 pages, 2438700 bytes).
PDF statistics:
 306 PDF objects out of 1000 (max. 8388607)
 0 named destinations out of 1000 (max. 500000)
 66 words of extra memory for PDF output out of 10000 (max. 10000000)

