This is pdfTeX, Version 3.14159265-2.6-1.40.16 (MiKTeX 2.9) (preloaded format=pdflatex 2016.2.8)  15 JUN 2016 09:58
entering extended mode
**./LAA_brief_v1_15.June.2016.tex
(LAA_brief_v1_15.June.2016.tex
LaTeX2e <2015/10/01> patch level 2
Babel <3.9n> and hyphenation patterns for 69 languages loaded.
("C:\Program Files (x86)\MiKTeX 2.9\tex\latex\base\article.cls"
Document Class: article 2014/09/29 v1.4h Standard LaTeX document class
("C:\Program Files (x86)\MiKTeX 2.9\tex\latex\base\size12.clo"
File: size12.clo 2014/09/29 v1.4h Standard LaTeX file (size option)
)
\c@part=\count79
\c@section=\count80
\c@subsection=\count81
\c@subsubsection=\count82
\c@paragraph=\count83
\c@subparagraph=\count84
\c@figure=\count85
\c@table=\count86
\abovecaptionskip=\skip41
\belowcaptionskip=\skip42
\bibindent=\dimen102
) (cite.sty
LaTeX Info: Redefining \cite on input line 149.
LaTeX Info: Redefining \nocite on input line 214.
Package: cite 2003/11/04  v 4.01
)
("C:\Program Files (x86)\MiKTeX 2.9\tex\latex\graphics\color.sty"
Package: color 2014/10/28 v1.1a Standard LaTeX Color (DPC)

("C:\Program Files (x86)\MiKTeX 2.9\tex\latex\00miktex\color.cfg"
File: color.cfg 2007/01/18 v1.5 color configuration of teTeX/TeXLive
)
Package color Info: Driver file: pdftex.def on input line 142.

("C:\Program Files (x86)\MiKTeX 2.9\tex\latex\pdftex-def\pdftex.def"
File: pdftex.def 2011/05/27 v0.06d Graphics/color for pdfTeX

("C:\Program Files (x86)\MiKTeX 2.9\tex\generic\oberdiek\infwarerr.sty"
Package: infwarerr 2010/04/08 v1.3 Providing info/warning/error messages (HO)
)
("C:\Program Files (x86)\MiKTeX 2.9\tex\generic\oberdiek\ltxcmds.sty"
Package: ltxcmds 2011/11/09 v1.22 LaTeX kernel commands for general use (HO)
)
\Gread@gobject=\count87
))
("C:\Program Files (x86)\MiKTeX 2.9\tex\latex\amsmath\amsmath.sty"
Package: amsmath 2013/01/14 v2.14 AMS math features
\@mathmargin=\skip43

For additional information on amsmath, use the `?' option.
("C:\Program Files (x86)\MiKTeX 2.9\tex\latex\amsmath\amstext.sty"
Package: amstext 2000/06/29 v2.01

("C:\Program Files (x86)\MiKTeX 2.9\tex\latex\amsmath\amsgen.sty"
File: amsgen.sty 1999/11/30 v2.0
\@emptytoks=\toks14
\ex@=\dimen103
))
("C:\Program Files (x86)\MiKTeX 2.9\tex\latex\amsmath\amsbsy.sty"
Package: amsbsy 1999/11/29 v1.2d
\pmbraise@=\dimen104
)
("C:\Program Files (x86)\MiKTeX 2.9\tex\latex\amsmath\amsopn.sty"
Package: amsopn 1999/12/14 v2.01 operator names
)
\inf@bad=\count88
LaTeX Info: Redefining \frac on input line 210.
\uproot@=\count89
\leftroot@=\count90
LaTeX Info: Redefining \overline on input line 306.
\classnum@=\count91
\DOTSCASE@=\count92
LaTeX Info: Redefining \ldots on input line 378.
LaTeX Info: Redefining \dots on input line 381.
LaTeX Info: Redefining \cdots on input line 466.
\Mathstrutbox@=\box26
\strutbox@=\box27
\big@size=\dimen105
LaTeX Font Info:    Redeclaring font encoding OML on input line 566.
LaTeX Font Info:    Redeclaring font encoding OMS on input line 567.
\macc@depth=\count93
\c@MaxMatrixCols=\count94
\dotsspace@=\muskip10
\c@parentequation=\count95
\dspbrk@lvl=\count96
\tag@help=\toks15
\row@=\count97
\column@=\count98
\maxfields@=\count99
\andhelp@=\toks16
\eqnshift@=\dimen106
\alignsep@=\dimen107
\tagshift@=\dimen108
\tagwidth@=\dimen109
\totwidth@=\dimen110
\lineht@=\dimen111
\@envbody=\toks17
\multlinegap=\skip44
\multlinetaggap=\skip45
\mathdisplay@stack=\toks18
LaTeX Info: Redefining \[ on input line 2665.
LaTeX Info: Redefining \] on input line 2666.
)
("C:\Program Files (x86)\MiKTeX 2.9\tex\latex\graphics\graphicx.sty"
Package: graphicx 2014/10/28 v1.0g Enhanced LaTeX Graphics (DPC,SPQR)

("C:\Program Files (x86)\MiKTeX 2.9\tex\latex\graphics\keyval.sty"
Package: keyval 2014/10/28 v1.15 key=value parser (DPC)
\KV@toks@=\toks19
)
("C:\Program Files (x86)\MiKTeX 2.9\tex\latex\graphics\graphics.sty"
Package: graphics 2014/10/28 v1.0p Standard LaTeX Graphics (DPC,SPQR)

("C:\Program Files (x86)\MiKTeX 2.9\tex\latex\graphics\trig.sty"
Package: trig 1999/03/16 v1.09 sin cos tan (DPC)
)
("C:\Program Files (x86)\MiKTeX 2.9\tex\latex\00miktex\graphics.cfg"
File: graphics.cfg 2007/01/18 v1.5 graphics configuration of teTeX/TeXLive
)
Package graphics Info: Driver file: pdftex.def on input line 94.
)
\Gin@req@height=\dimen112
\Gin@req@width=\dimen113
) (algorithm.sty
Package: algorithm 

Document Style `algorithm' - floating environment
("C:\Program Files (x86)\MiKTeX 2.9\tex\latex\float\float.sty"
Package: float 2001/11/08 v1.3d Float enhancements (AL)
\c@float@type=\count100
\float@exts=\toks20
\float@box=\box28
\@float@everytoks=\toks21
\@floatcapt=\box29
)
("C:\Program Files (x86)\MiKTeX 2.9\tex\latex\base\ifthen.sty"
Package: ifthen 2014/09/29 v1.1c Standard LaTeX ifthen package (DPC)
)
\@float@every@algorithm=\toks22
\c@algorithm=\count101
) (algorithmic.sty
Package: algorithmic 2006/06/02

Document Style `algorithmic' - environment
("C:\Program Files (x86)\MiKTeX 2.9\tex\latex\tools\calc.sty"
Package: calc 2014/10/28 v4.3 Infix arithmetic (KKT,FJ)
\calc@Acount=\count102
\calc@Bcount=\count103
\calc@Adimen=\dimen114
\calc@Bdimen=\dimen115
\calc@Askip=\skip46
\calc@Bskip=\skip47
LaTeX Info: Redefining \setlength on input line 80.
LaTeX Info: Redefining \addtolength on input line 81.
\calc@Ccount=\count104
\calc@Cskip=\skip48
)
\c@ALC@line=\count105
\c@ALC@rem=\count106
\c@ALC@depth=\count107
\ALC@tlm=\skip49
\algorithmicindent=\skip50
)
(C:\Users\JOHN\AppData\Roaming\MiKTeX\2.9\tex\latex\xcolor\xcolor.sty
Package: xcolor 2007/01/21 v2.11 LaTeX color extensions (UK)

("C:\Program Files (x86)\MiKTeX 2.9\tex\latex\00miktex\color.cfg"
File: color.cfg 2007/01/18 v1.5 color configuration of teTeX/TeXLive
)
Package xcolor Info: Driver file: pdftex.def on input line 225.
 (colortbl.sty
Package: colortbl 1996/10/12 v0.1g Color table columns (DPC)

("C:\Program Files (x86)\MiKTeX 2.9\tex\latex\tools\array.sty"
Package: array 2014/10/28 v2.4c Tabular extension package (FMi)
\col@sep=\dimen116
\extrarowheight=\dimen117
\NC@list=\toks23
\extratabsurround=\skip51
\backup@length=\skip52
)
\everycr=\toks24
\minrowclearance=\skip53
)
LaTeX Info: Redefining \color on input line 702.
\rownum=\count108
Package xcolor Info: Model `cmy' substituted by `cmy0' on input line 1337.
Package xcolor Info: Model `hsb' substituted by `rgb' on input line 1341.
Package xcolor Info: Model `RGB' extended on input line 1353.
Package xcolor Info: Model `HTML' substituted by `rgb' on input line 1355.
Package xcolor Info: Model `Hsb' substituted by `hsb' on input line 1356.
Package xcolor Info: Model `tHsb' substituted by `hsb' on input line 1357.
Package xcolor Info: Model `HSB' substituted by `hsb' on input line 1358.
Package xcolor Info: Model `Gray' substituted by `gray' on input line 1359.
Package xcolor Info: Model `wave' substituted by `hsb' on input line 1360.
) (LAA_brief_v1_15.June.2016.aux)
\openout1 = `LAA_brief_v1_15.June.2016.aux'.

LaTeX Font Info:    Checking defaults for OML/cmm/m/it on input line 22.
LaTeX Font Info:    ... okay on input line 22.
LaTeX Font Info:    Checking defaults for T1/cmr/m/n on input line 22.
LaTeX Font Info:    ... okay on input line 22.
LaTeX Font Info:    Checking defaults for OT1/cmr/m/n on input line 22.
LaTeX Font Info:    ... okay on input line 22.
LaTeX Font Info:    Checking defaults for OMS/cmsy/m/n on input line 22.
LaTeX Font Info:    ... okay on input line 22.
LaTeX Font Info:    Checking defaults for OMX/cmex/m/n on input line 22.
LaTeX Font Info:    ... okay on input line 22.
LaTeX Font Info:    Checking defaults for U/cmr/m/n on input line 22.
LaTeX Font Info:    ... okay on input line 22.

(C:\Users\JOHN\AppData\Roaming\MiKTeX\2.9\tex\context\base\supp-pdf.mkii
[Loading MPS to PDF converter (version 2006.09.02).]
\scratchcounter=\count109
\scratchdimen=\dimen118
\scratchbox=\box30
\nofMPsegments=\count110
\nofMParguments=\count111
\everyMPshowfont=\toks25
\MPscratchCnt=\count112
\MPscratchDim=\dimen119
\MPnumerator=\count113
\makeMPintoPDFobject=\count114
\everyMPtoPDFconversion=\toks26
)

LaTeX Font Warning: Font shape `OT1/cmss/m/it' in size <10.95> not available
(Font)              Font shape `OT1/cmss/m/sl' tried instead on input line 44.

[1

{C:/Users/JOHN/AppData/Local/MiKTeX/2.9/pdftex/config/pdftex.map}] (LAA_brief_v1_15.June.2016.toc [2]
Overfull \hbox (17.27882pt too wide) in paragraph at lines 28--28
 [] []\OT1/cmr/bx/n/12 Network-aware Adap-tive Lis-ten Be-fore Talk Co-existence Mech- 
 []

)
\tf@toc=\write3
\openout3 = `LAA_brief_v1_15.June.2016.toc'.

 (LAA_brief_v1_15.June.2016.lof [3])
\tf@lof=\write4
\openout4 = `LAA_brief_v1_15.June.2016.lof'.

 [4] <figures2/U-LTE-use_model.pdf, id=20, 568.44261pt x 396.82472pt>
File: figures2/U-LTE-use_model.pdf Graphic file (type pdf)

<use figures2/U-LTE-use_model.pdf>
Package pdftex.def Info: figures2/U-LTE-use_model.pdf used on input line 76.
(pdftex.def)             Requested size: 272.99881pt x 190.57663pt.
 [5 <./figures2/U-LTE-use_model.pdf>] [6] [7]
<figures2/FBE-flowchart.pdf, id=45, 516.76614pt x 184.37782pt>
File: figures2/FBE-flowchart.pdf Graphic file (type pdf)
 <use figures2/FBE-flowchart.pdf>
Package pdftex.def Info: figures2/FBE-flowchart.pdf used on input line 118.
(pdftex.def)             Requested size: 350.99762pt x 125.23459pt.

<figures2/FBE-example.pdf, id=46, 639.89694pt x 192.03244pt>
File: figures2/FBE-example.pdf Graphic file (type pdf)
 <use figures2/FBE-example.pdf>
Package pdftex.def Info: figures2/FBE-example.pdf used on input line 125.
(pdftex.def)             Requested size: 350.99762pt x 105.33687pt.
 [8]
LaTeX Font Info:    Try loading font information for OMS+cmr on input line 137.

("C:\Program Files (x86)\MiKTeX 2.9\tex\latex\base\omscmr.fd"
File: omscmr.fd 2014/09/29 v2.5h Standard LaTeX font definitions
)
LaTeX Font Info:    Font shape `OMS/cmr/m/n' in size <12> not available
(Font)              Font shape `OMS/cmsy/m/n' tried instead on input line 137.
 [9 <./figures2/FBE-flowchart.pdf> <./figures2/FBE-example.pdf

pdfTeX warning: pdflatex.exe (file ./figures2/FBE-example.pdf): PDF inclusion: multiple pdfs with page group included in
 a single page
>] <figures2/LBE-flowchart.pdf, id=71, 523.14618pt x 296.66133pt>
File: figures2/LBE-flowchart.pdf Graphic file (type pdf)
 <use figures2/LBE-flowchart.pdf>
Package pdftex.def Info: figures2/LBE-flowchart.pdf used on input line 181.
(pdftex.def)             Requested size: 350.99762pt x 199.04723pt.

<figures2/LBE-example.pdf, id=72, 642.44846pt x 166.51309pt>
File: figures2/LBE-example.pdf Graphic file (type pdf)
 <use figures2/LBE-example.pdf>
Package pdftex.def Info: figures2/LBE-example.pdf used on input line 188.
(pdftex.def)             Requested size: 350.99762pt x 90.97269pt.
 [10]
Overfull \hbox (11.35783pt too wide) in paragraph at lines 215--217
\OT1/cmr/m/n/12 out per-form-ing CCA) is the \OT1/cmr/m/it/12 max-i-mum Chan-nel Oc-cu-pancy Time \OT1/cmr/m/n/12 (mCoT)
,
 []

[11 <./figures2/LBE-flowchart.pdf> <./figures2/LBE-example.pdf

pdfTeX warning: pdflatex.exe (file ./figures2/LBE-example.pdf): PDF inclusion: multiple pdfs with page group included in
 a single page
>] <figures2/802-11-PCF-DCF.pdf, id=111, 490.33188pt x 108.90688pt>
File: figures2/802-11-PCF-DCF.pdf Graphic file (type pdf)
 <use figures2/802-11-PCF-DCF.pdf>
Package pdftex.def Info: figures2/802-11-PCF-DCF.pdf used on input line 246.
(pdftex.def)             Requested size: 390.0pt x 86.6254pt.
 [12 <./figures2/802-11-PCF-DCF.pdf>] [13]
Overfull \hbox (3.18623pt too wide) in paragraph at lines 278--280
\OT1/cmr/m/n/12 The en-hance-ment to DCF, namely En-hanced Dis-tri-bu-tion Co-or-di-na-tion Func-
 []

[14] <figures2/802-11e-HCCA.pdf, id=129, 469.25313pt x 152.06813pt>
File: figures2/802-11e-HCCA.pdf Graphic file (type pdf)
 <use figures2/802-11e-HCCA.pdf>
Package pdftex.def Info: figures2/802-11e-HCCA.pdf used on input line 287.
(pdftex.def)             Requested size: 390.0pt x 126.38358pt.
 [15 <./figures2/802-11e-HCCA.pdf>] <figures2/CSMA-CA-flowchart.pdf, id=140, 683.91711pt x 411.49936pt>
File: figures2/CSMA-CA-flowchart.pdf Graphic file (type pdf)
 <use figures2/CSMA-CA-flowchart.pdf>
Package pdftex.def Info: figures2/CSMA-CA-flowchart.pdf used on input line 307.
(pdftex.def)             Requested size: 390.0pt x 234.65753pt.

[16 <./figures2/CSMA-CA-flowchart.pdf>] <figures2/CSMA-CA-back-off-no-collision.pdf, id=155, 485.815pt x 332.74312pt>
File: figures2/CSMA-CA-back-off-no-collision.pdf Graphic file (type pdf)

<use figures2/CSMA-CA-back-off-no-collision.pdf>
Package pdftex.def Info: figures2/CSMA-CA-back-off-no-collision.pdf used on input line 320.
(pdftex.def)             Requested size: 350.99762pt x 240.40244pt.
 [17 <./figures2/CSMA-CA-back-off-no-collision.pdf>]
<figures2/CSMA-CA-back-off-with-collision.pdf, id=171, 609.91174pt x 334.94054pt>
File: figures2/CSMA-CA-back-off-with-collision.pdf Graphic file (type pdf)

<use figures2/CSMA-CA-back-off-with-collision.pdf>
Package pdftex.def Info: figures2/CSMA-CA-back-off-with-collision.pdf used on input line 333.
(pdftex.def)             Requested size: 390.0pt x 214.1721pt.
 [18]

pdfTeX warning: pdflatex.exe (file ./figures2/802-11-RTS-CTS-NAV.pdf): PDF inclusion: found PDF version <1.6>, but at mo
st version <1.5> allowed
<figures2/802-11-RTS-CTS-NAV.pdf, id=175, 384.70323pt x 246.89941pt>
File: figures2/802-11-RTS-CTS-NAV.pdf Graphic file (type pdf)
 <use figures2/802-11-RTS-CTS-NAV.pdf>
Package pdftex.def Info: figures2/802-11-RTS-CTS-NAV.pdf used on input line 346.
(pdftex.def)             Requested size: 253.49762pt x 162.69792pt.
 [19 <./figures2/CSMA-CA-back-off-with-collision.pdf>] [20 <./figures2/802-11-RTS-CTS-NAV.pdf>] [21]
<figures2/LTE-U.pdf, id=213, 654.57034pt x 137.16646pt>
File: figures2/LTE-U.pdf Graphic file (type pdf)
 <use figures2/LTE-U.pdf>
Package pdftex.def Info: figures2/LTE-U.pdf used on input line 378.
(pdftex.def)             Requested size: 370.49881pt x 77.63942pt.
 [22 <./figures2/LTE-U.pdf>]
<figures2/LAA-LTE.pdf, id=239, 621.39545pt x 370.03023pt>
File: figures2/LAA-LTE.pdf Graphic file (type pdf)
 <use figures2/LAA-LTE.pdf>
Package pdftex.def Info: figures2/LAA-LTE.pdf used on input line 396.
(pdftex.def)             Requested size: 350.99762pt x 209.01665pt.
 [23]
Overfull \hbox (3.15019pt too wide) in paragraph at lines 409--410
[]\OT1/cmr/m/n/12 Most ex-ist-ing works deal-ing with U-LTE carry out stud-ies by us-ing system-
 []

[24 <./figures2/LAA-LTE.pdf>] [25] [26] [27] [28] [29]
Overfull \hbox (5.52779pt too wide) in paragraph at lines 435--435
[]\OT1/cmr/bx/n/17.28 Network-aware Adap-tive Lis-ten Be-fore Talk
 []


Overfull \hbox (0.44382pt too wide) in paragraph at lines 446--446
[]\OT1/cmr/bx/n/17.28 Open Ques-tions and Po-ten-tial Re-search Di-
 []

<figures2/LTE-U-enhancement1.pdf, id=282, 653.2944pt x 365.56476pt>
File: figures2/LTE-U-enhancement1.pdf Graphic file (type pdf)
 <use figures2/LTE-U-enhancement1.pdf>
Package pdftex.def Info: figures2/LTE-U-enhancement1.pdf used on input line 451.
(pdftex.def)             Requested size: 390.0pt x 218.23608pt.
 [30]
<figures2/LAA-LTE-enhacement-back-off.pdf, id=286, 670.52007pt x 352.80507pt>
File: figures2/LAA-LTE-enhacement-back-off.pdf Graphic file (type pdf)

<use figures2/LAA-LTE-enhacement-back-off.pdf>
Package pdftex.def Info: figures2/LAA-LTE-enhacement-back-off.pdf used on input line 465.
(pdftex.def)             Requested size: 390.0pt x 205.20848pt.
 [31 <./figures2/LTE-U-enhancement1.pdf>] [32 <./figures2/LAA-LTE-enhacement-back-off.pdf>] <figures2/LTE-U-enhancement-
RTS-CTS-NAV.pdf, id=348, 383.42747pt x 345.14848pt>
File: figures2/LTE-U-enhancement-RTS-CTS-NAV.pdf Graphic file (type pdf)

<use figures2/LTE-U-enhancement-RTS-CTS-NAV.pdf>
Package pdftex.def Info: figures2/LTE-U-enhancement-RTS-CTS-NAV.pdf used on input line 481.
(pdftex.def)             Requested size: 272.99881pt x 245.7523pt.
 [33] [34 <./figures2/LTE-U-enhancement-RTS-CTS-NAV.pdf>] [35] [36]
(LAA_brief_v1_15.June.2016.bbl [37] [38]
Missing character: There is no ™ in font cmr12!
) [39] (LAA_brief_v1_15.June.2016.aux) ) 
Here is how much of TeX's memory you used:
 2842 strings out of 493634
 37345 string characters out of 3141318
 104166 words of memory out of 3000000
 6182 multiletter control sequences out of 15000+200000
 11856 words of font info for 42 fonts, out of 3000000 for 9000
 1027 hyphenation exceptions out of 8191
 38i,8n,35p,2095b,241s stack positions out of 5000i,500n,10000p,200000b,50000s
<C:/Program Files (x86)/MiKTeX 2.9/fonts/type1/public/amsfonts/cm/cmbx10.pfb><C:
/Program Files (x86)/MiKTeX 2.9/fonts/type1/public/amsfonts/cm/cmbx12.pfb><C:/Program Files (x86)/MiKTeX 2.9/fonts/type1
/public/amsfonts/cm/cmmi12.pfb><C:/Program Files (x86)/MiKTeX 2.9/fonts/type1/public/amsfonts/cm/cmmi8.pfb><C:/Program F
iles (x86)/MiKTeX 2.9/fonts/type1/public/amsfonts/cm/cmr10.pfb><C:/Program Files (x86)/MiKTeX 2.9/fonts/type1/public/ams
fonts/cm/cmr12.pfb><C:/Program Files (x86)/MiKTeX 2.9/fonts/type1/public/amsfonts/cm/cmr8.pfb><C:/Program Files (x86)/Mi
KTeX 2.9/fonts/type1/public/amsfonts/cm/cmss10.pfb><C:/Program Files (x86)/MiKTeX 2.9/fonts/type1/public/amsfonts/cm/cms
si10.pfb><C:/Program Files (x86)/MiKTeX 2.9/fonts/type1/public/amsfonts/cm/cmsy10.pfb><C:/Program Files (x86)/MiKTeX 2.9
/fonts/type1/public/amsfonts/cm/cmsy8.pfb><C:/Program Files (x86)/MiKTeX 2.9/fonts/type1/public/amsfonts/cm/cmti12.pfb>
Output written on LAA_brief_v1_15.June.2016.pdf (39 pages, 3260760 bytes).
PDF statistics:
 423 PDF objects out of 1000 (max. 8388607)
 0 named destinations out of 1000 (max. 500000)
 81 words of extra memory for PDF output out of 10000 (max. 10000000)

